<?xml version="1.0" encoding="UTF-8"?>
<!-- Generated by org.testng.reporters.JUnitReportReporter -->
<testsuite hostname="Dinesh" failures="0" tests="1" name="testCases.TC005_HappyPath_IphoneAdd_Test" time="5.394" errors="0" timestamp="2024-09-25T11:21:26 IST" skipped="0">
  <testcase classname="testCases.TC005_HappyPath_IphoneAdd_Test" name="addIphoneToCart" time="5.394"/>
</testsuite> <!-- testCases.TC005_HappyPath_IphoneAdd_Test -->
