<?xml version="1.0" encoding="UTF-8"?>
<!-- Generated by org.testng.reporters.JUnitReportReporter -->
<testsuite hostname="Dinesh" failures="0" tests="1" name="testCases.TC002_LoginPageTest" time="1.459" errors="0" timestamp="2024-09-21T22:36:56 IST" skipped="0">
  <testcase classname="testCases.TC002_LoginPageTest" name="myAccLogin" time="1.459"/>
</testsuite> <!-- testCases.TC002_LoginPageTest -->
