<?xml version="1.0" encoding="UTF-8"?>
<!-- Generated by org.testng.reporters.JUnitReportReporter -->
<testsuite hostname="Dinesh" failures="0" tests="1" name="testCases.TC001_AccountRegTest" time="3.243" errors="0" timestamp="2024-09-21T22:36:56 IST" skipped="0">
  <testcase classname="testCases.TC001_AccountRegTest" name="verify_account_reg" time="3.243"/>
</testsuite> <!-- testCases.TC001_AccountRegTest -->
