<?xml version="1.0" encoding="UTF-8"?>
<!-- Generated by org.testng.reporters.JUnitReportReporter -->
<testsuite hostname="Dinesh" failures="0" tests="1" name="testCases.TC004_Components_addMonitorPage" time="6.493" errors="0" timestamp="2024-09-23T19:44:18 IST" skipped="0">
  <testcase classname="testCases.TC004_Components_addMonitorPage" name="verifyAddMonitorTest" time="6.493"/>
</testsuite> <!-- testCases.TC004_Components_addMonitorPage -->
