<?xml version="1.0" encoding="UTF-8"?>
<!-- Generated by org.testng.reporters.JUnitReportReporter -->
<testsuite hostname="Dinesh" failures="0" tests="5" name="testCases.TC002_LoginTestDDT" time="23.148" errors="0" timestamp="2024-09-20T17:21:43 IST" skipped="0">
  <testcase classname="testCases.TC002_LoginTestDDT" name="verifyTestDDT" time="3.211"/>
  <testcase classname="testCases.TC002_LoginTestDDT" name="verifyTestDDT" time="3.159"/>
  <testcase classname="testCases.TC002_LoginTestDDT" name="verifyTestDDT" time="11.731"/>
  <testcase classname="testCases.TC002_LoginTestDDT" name="verifyTestDDT" time="2.815"/>
  <testcase classname="testCases.TC002_LoginTestDDT" name="verifyTestDDT" time="2.232"/>
</testsuite> <!-- testCases.TC002_LoginTestDDT -->
