<?xml version="1.0" encoding="UTF-8"?>
<!-- Generated by org.testng.reporters.JUnitReportReporter -->
<testsuite hostname="Dinesh" failures="0" tests="1" name="testCases.TC004_Components_addMonitorPage" time="7.025" errors="0" timestamp="2024-09-24T10:26:43 IST" skipped="0">
  <testcase classname="testCases.TC004_Components_addMonitorPage" name="verifyAddMonitorTest" time="7.025"/>
</testsuite> <!-- testCases.TC004_Components_addMonitorPage -->
