<?xml version="1.0" encoding="UTF-8"?>
<!-- Generated by org.testng.reporters.JUnitReportReporter -->
<testsuite hostname="Dinesh" failures="0" tests="1" name="testCases.TC004_Components_addMonitorPage" time="7.942" errors="0" timestamp="2024-09-24T22:41:15 IST" skipped="0">
  <testcase classname="testCases.TC004_Components_addMonitorPage" name="verifyAddMonitorTest" time="7.942"/>
</testsuite> <!-- testCases.TC004_Components_addMonitorPage -->
